time="2021-12-29 10:11:03" level=info Agent=PostmanRuntime/7.28.4 DataSize=158 HostName=LAPTOP-52JCQOMH Ip="::1" Method=POST Path=/api/v1/user/add SpendTime="2 ms" status=200
time="2021-12-29 10:11:35" level=info Agent=PostmanRuntime/7.28.4 DataSize=47 HostName=LAPTOP-52JCQOMH Ip="::1" Method=POST Path=/api/v1/user/add SpendTime="10 ms" status=200
time="2021-12-29 10:13:10" level=info Agent=PostmanRuntime/7.28.4 DataSize=47 HostName=LAPTOP-52JCQOMH Ip="::1" Method=POST Path=/api/v1/user/add SpendTime="3 ms" status=200
time="2021-12-29 10:14:09" level=info Agent=PostmanRuntime/7.28.4 DataSize=29 HostName=LAPTOP-52JCQOMH Ip="::1" Method=POST Path=/api/v1/user/add SpendTime="71 ms" status=200
time="2021-12-29 10:16:09" level=info Agent=PostmanRuntime/7.28.4 DataSize=79 HostName=LAPTOP-52JCQOMH Ip="::1" Method=POST Path=/api/v1/login SpendTime="55 ms" status=200
time="2021-12-29 10:16:55" level=info Agent=PostmanRuntime/7.28.4 DataSize=237 HostName=LAPTOP-52JCQOMH Ip="::1" Method=POST Path=/api/v1/login SpendTime="63 ms" status=200
time="2021-12-29 10:22:12" level=info Agent=PostmanRuntime/7.28.4 DataSize=25 HostName=LAPTOP-52JCQOMH Ip="::1" Method=POST Path=/api/v1/article/add SpendTime="0 ms" status=200
time="2021-12-29 10:23:43" level=info Agent=PostmanRuntime/7.28.4 DataSize=25 HostName=LAPTOP-52JCQOMH Ip="::1" Method=POST Path=/api/v1/article/add SpendTime="0 ms" status=200
time="2021-12-29 10:24:15" level=info Agent=PostmanRuntime/7.28.4 DataSize=25 HostName=LAPTOP-52JCQOMH Ip="::1" Method=POST Path=/api/v1/article/add SpendTime="0 ms" status=200
time="2021-12-29 10:24:20" level=info Agent=PostmanRuntime/7.28.4 DataSize=25 HostName=LAPTOP-52JCQOMH Ip="::1" Method=POST Path=/api/v1/article/add SpendTime="0 ms" status=200
time="2021-12-29 10:26:01" level=info Agent=PostmanRuntime/7.28.4 DataSize=25 HostName=LAPTOP-52JCQOMH Ip="::1" Method=POST Path=/api/v1/article/add SpendTime="0 ms" status=200
time="2021-12-29 10:29:15" level=info Agent=PostmanRuntime/7.28.4 DataSize=25 HostName=LAPTOP-52JCQOMH Ip="::1" Method=POST Path=/api/v1/article/add SpendTime="29832 ms" status=200
time="2021-12-29 10:30:58" level=info Agent=PostmanRuntime/7.28.4 DataSize=162 HostName=LAPTOP-52JCQOMH Ip="::1" Method=POST Path=/api/v1/article/add SpendTime="16694 ms" status=200
time="2021-12-29 10:35:00" level=info Agent=PostmanRuntime/7.28.4 DataSize=160 HostName=LAPTOP-52JCQOMH Ip="::1" Method=POST Path=/api/v1/article/add SpendTime="3796 ms" status=200
time="2021-12-29 10:52:42" level=info Agent=PostmanRuntime/7.28.4 DataSize=178 HostName=LAPTOP-52JCQOMH Ip="::1" Method=POST Path=/api/v1/addcomment SpendTime="19 ms" status=200
time="2021-12-29 10:54:31" level=warning Agent=PostmanRuntime/7.28.4 DataSize=0 HostName=LAPTOP-52JCQOMH Ip="::1" Method=GET Path=/api/v1/comment/list/1 SpendTime="0 ms" status=404
time="2021-12-29 10:54:58" level=info Agent=PostmanRuntime/7.28.4 DataSize=53 HostName=LAPTOP-52JCQOMH Ip="::1" Method=GET Path="/api/v1/comment/list?id=1" SpendTime="1 ms" status=200
time="2021-12-29 10:56:35" level=info Agent=PostmanRuntime/7.28.4 DataSize=53 HostName=LAPTOP-52JCQOMH Ip="::1" Method=GET Path="/api/v1/comment/list?pagesize=10&pagenum=1" SpendTime="18 ms" status=200
time="2021-12-29 10:56:56" level=info Agent=PostmanRuntime/7.28.4 DataSize=53 HostName=LAPTOP-52JCQOMH Ip="::1" Method=GET Path="/api/v1/comment/list?pagesize=10&pagenum=1" SpendTime="13 ms" status=200
time="2021-12-29 10:57:09" level=info Agent=PostmanRuntime/7.28.4 DataSize=198 HostName=LAPTOP-52JCQOMH Ip="::1" Method=GET Path="/api/v1/comment/list?pagesize=10&pagenum=1" SpendTime="15 ms" status=200
time="2021-12-29 10:57:37" level=info Agent=PostmanRuntime/7.28.4 DataSize=178 HostName=LAPTOP-52JCQOMH Ip="::1" Method=POST Path=/api/v1/addcomment SpendTime="6 ms" status=200
time="2021-12-29 10:57:38" level=info Agent=PostmanRuntime/7.28.4 DataSize=178 HostName=LAPTOP-52JCQOMH Ip="::1" Method=POST Path=/api/v1/addcomment SpendTime="5 ms" status=200
time="2021-12-29 10:57:39" level=info Agent=PostmanRuntime/7.28.4 DataSize=178 HostName=LAPTOP-52JCQOMH Ip="::1" Method=POST Path=/api/v1/addcomment SpendTime="5 ms" status=200
time="2021-12-29 10:57:39" level=info Agent=PostmanRuntime/7.28.4 DataSize=178 HostName=LAPTOP-52JCQOMH Ip="::1" Method=POST Path=/api/v1/addcomment SpendTime="6 ms" status=200
time="2021-12-29 10:57:40" level=info Agent=PostmanRuntime/7.28.4 DataSize=178 HostName=LAPTOP-52JCQOMH Ip="::1" Method=POST Path=/api/v1/addcomment SpendTime="5 ms" status=200
time="2021-12-29 10:57:41" level=info Agent=PostmanRuntime/7.28.4 DataSize=178 HostName=LAPTOP-52JCQOMH Ip="::1" Method=POST Path=/api/v1/addcomment SpendTime="4 ms" status=200
time="2021-12-29 10:57:41" level=info Agent=PostmanRuntime/7.28.4 DataSize=178 HostName=LAPTOP-52JCQOMH Ip="::1" Method=POST Path=/api/v1/addcomment SpendTime="5 ms" status=200
time="2021-12-29 10:57:43" level=info Agent=PostmanRuntime/7.28.4 DataSize=178 HostName=LAPTOP-52JCQOMH Ip="::1" Method=POST Path=/api/v1/addcomment SpendTime="4 ms" status=200
time="2021-12-29 10:57:43" level=info Agent=PostmanRuntime/7.28.4 DataSize=178 HostName=LAPTOP-52JCQOMH Ip="::1" Method=POST Path=/api/v1/addcomment SpendTime="4 ms" status=200
time="2021-12-29 10:57:45" level=info Agent=PostmanRuntime/7.28.4 DataSize=178 HostName=LAPTOP-52JCQOMH Ip="::1" Method=POST Path=/api/v1/addcomment SpendTime="5 ms" status=200
time="2021-12-29 10:57:47" level=info Agent=PostmanRuntime/7.28.4 DataSize=1561 HostName=LAPTOP-52JCQOMH Ip="::1" Method=GET Path="/api/v1/comment/list?pagesize=10&pagenum=1" SpendTime="3 ms" status=200
time="2021-12-29 10:58:22" level=info Agent=PostmanRuntime/7.28.4 DataSize=198 HostName=LAPTOP-52JCQOMH Ip="::1" Method=GET Path="/api/v1/comment/list?pagesize=10&pagenum=2" SpendTime="2 ms" status=200
time="2021-12-29 10:58:27" level=info Agent=PostmanRuntime/7.28.4 DataSize=1561 HostName=LAPTOP-52JCQOMH Ip="::1" Method=GET Path="/api/v1/comment/list?pagesize=10&pagenum=1" SpendTime="0 ms" status=200
time="2021-12-29 11:03:13" level=info Agent=PostmanRuntime/7.28.4 DataSize=53 HostName=LAPTOP-52JCQOMH Ip="::1" Method=GET Path="/api/v1/users?pagesize=10&pagenum=1" SpendTime="0 ms" status=200
time="2021-12-29 11:03:37" level=info Agent=PostmanRuntime/7.28.4 DataSize=51 HostName=LAPTOP-52JCQOMH Ip="::1" Method=GET Path="/api/v1/users?pagesize=10&pagenum=1&username=ad" SpendTime="3 ms" status=200
time="2021-12-29 11:06:28" level=info Agent=PostmanRuntime/7.28.4 DataSize=144 HostName=LAPTOP-52JCQOMH Ip="::1" Method=GET Path="/api/v1/users?pagesize=10&pagenum=1&username=ad" SpendTime="1488 ms" status=200
time="2021-12-29 11:09:42" level=info Agent=PostmanRuntime/7.28.4 DataSize=29 HostName=LAPTOP-52JCQOMH Ip="::1" Method=PUT Path=/api/v1/user/1 SpendTime="6 ms" status=200
time="2021-12-29 11:10:31" level=info Agent=PostmanRuntime/7.28.4 DataSize=29 HostName=LAPTOP-52JCQOMH Ip="::1" Method=POST Path=/api/v1/user/add SpendTime="78 ms" status=200
time="2021-12-29 11:12:04" level=info Agent=PostmanRuntime/7.28.4 DataSize=53 HostName=LAPTOP-52JCQOMH Ip="::1" Method=GET Path="/api/v1/article?pagesize=10&pagenum=1&title=" SpendTime="3 ms" status=200
time="2021-12-29 11:12:09" level=info Agent=PostmanRuntime/7.28.4 DataSize=53 HostName=LAPTOP-52JCQOMH Ip="::1" Method=GET Path="/api/v1/article?pagesize=10&pagenum=1&title=te" SpendTime="0 ms" status=200
time="2021-12-29 11:15:00" level=info Agent=PostmanRuntime/7.28.4 DataSize=53 HostName=LAPTOP-52JCQOMH Ip="::1" Method=GET Path="/api/v1/article?pagesize=10&pagenum=1&title=te" SpendTime="13 ms" status=200
time="2021-12-29 11:15:36" level=info Agent=PostmanRuntime/7.28.4 DataSize=53 HostName=LAPTOP-52JCQOMH Ip="::1" Method=GET Path="/api/v1/article?pagesize=10&pagenum=1&title=te" SpendTime="15 ms" status=200
time="2021-12-29 11:17:20" level=info Agent=PostmanRuntime/7.28.4 DataSize=53 HostName=LAPTOP-52JCQOMH Ip="::1" Method=GET Path="/api/v1/article?pagesize=10&pagenum=1&title=te" SpendTime="2381 ms" status=200
time="2021-12-29 11:19:53" level=info Agent=PostmanRuntime/7.28.4 DataSize=53 HostName=LAPTOP-52JCQOMH Ip="::1" Method=GET Path="/api/v1/article?pagesize=10&pagenum=1&title=tes" SpendTime="1916 ms" status=200
time="2021-12-29 11:20:40" level=info Agent=PostmanRuntime/7.28.4 DataSize=51 HostName=LAPTOP-52JCQOMH Ip="::1" Method=GET Path="/api/v1/article?pagesize=10&pagenum=1&title=tes" SpendTime="1756 ms" status=200
time="2021-12-29 11:24:04" level=info Agent=PostmanRuntime/7.28.4 DataSize=182 HostName=LAPTOP-52JCQOMH Ip="::1" Method=GET Path="/api/v1/article?pagesize=10&pagenum=1&title=tes" SpendTime="4962 ms" status=200
time="2021-12-29 11:36:07" level=info Agent=PostmanRuntime/7.28.4 DataSize=29 HostName=LAPTOP-52JCQOMH Ip="::1" Method=PUT Path=/api/v1/article/1 SpendTime="7 ms" status=200
time="2021-12-29 11:37:38" level=info Agent=PostmanRuntime/7.28.4 DataSize=172 HostName=LAPTOP-52JCQOMH Ip="::1" Method=GET Path=/api/v1/article/info/1 SpendTime="5 ms" status=200
time="2021-12-29 11:37:41" level=info Agent=PostmanRuntime/7.28.4 DataSize=172 HostName=LAPTOP-52JCQOMH Ip="::1" Method=GET Path=/api/v1/article/info/1 SpendTime="4 ms" status=200
time="2021-12-29 11:37:43" level=info Agent=PostmanRuntime/7.28.4 DataSize=172 HostName=LAPTOP-52JCQOMH Ip="::1" Method=GET Path=/api/v1/article/info/1 SpendTime="4 ms" status=200
time="2021-12-29 11:37:44" level=info Agent=PostmanRuntime/7.28.4 DataSize=172 HostName=LAPTOP-52JCQOMH Ip="::1" Method=GET Path=/api/v1/article/info/1 SpendTime="3 ms" status=200
time="2021-12-29 13:39:35" level=info Agent=PostmanRuntime/7.28.4 DataSize=29 HostName=LAPTOP-52JCQOMH Ip="::1" Method=DELETE Path=/api/v1/delcomment/1 SpendTime="11 ms" status=200
time="2021-12-29 13:39:46" level=info Agent=PostmanRuntime/7.28.4 DataSize=1571 HostName=LAPTOP-52JCQOMH Ip="::1" Method=GET Path="/api/v1/comment/list?pagesize=10&pagenum=1" SpendTime="4 ms" status=200
time="2021-12-29 13:39:55" level=info Agent=PostmanRuntime/7.28.4 DataSize=49 HostName=LAPTOP-52JCQOMH Ip="::1" Method=GET Path="/api/v1/comment/list?pagesize=10&pagenum=2" SpendTime="1 ms" status=200
time="2021-12-29 13:39:59" level=info Agent=PostmanRuntime/7.28.4 DataSize=1571 HostName=LAPTOP-52JCQOMH Ip="::1" Method=GET Path="/api/v1/comment/list?pagesize=10&pagenum=1" SpendTime="2 ms" status=200
time="2021-12-29 13:41:43" level=info Agent=PostmanRuntime/7.28.4 DataSize=810 HostName=LAPTOP-52JCQOMH Ip="::1" Method=GET Path="/api/v1/commentfront/1?pagesize=5&pagenum=1" SpendTime="4 ms" status=200
time="2021-12-29 13:41:58" level=info Agent=PostmanRuntime/7.28.4 DataSize=808 HostName=LAPTOP-52JCQOMH Ip="::1" Method=GET Path="/api/v1/commentfront/1?pagesize=5&pagenum=2" SpendTime="1 ms" status=200
