time="2021-12-27 21:14:28" level=info Agent=PostmanRuntime/7.28.4 DataSize=1579 HostName=LAPTOP-QDCOUSRQ Ip="::1" Method=GET Path=/ SpendTime="1 ms" status=200
time="2021-12-27 21:32:24" level=info Agent=PostmanRuntime/7.28.4 DataSize=1785 HostName=LAPTOP-QDCOUSRQ Ip="::1" Method=GET Path=/admin SpendTime="0 ms" status=200
time="2021-12-27 21:33:32" level=info Agent="Mozilla/5.0 (Windows NT 10.0; Win64; x64) AppleWebKit/537.36 (KHTML, like Gecko) Chrome/96.0.4664.110 Safari/537.36" DataSize=1579 HostName=LAPTOP-QDCOUSRQ Ip="::1" Method=GET Path=/ SpendTime="0 ms" status=200
time="2021-12-27 21:33:33" level=info Agent="Mozilla/5.0 (Windows NT 10.0; Win64; x64) AppleWebKit/537.36 (KHTML, like Gecko) Chrome/96.0.4664.110 Safari/537.36" DataSize=74 HostName=LAPTOP-QDCOUSRQ Ip="::1" Method=GET Path=/api/v1/category SpendTime="3 ms" status=200
time="2021-12-27 21:33:33" level=warning Agent="Mozilla/5.0 (Windows NT 10.0; Win64; x64) AppleWebKit/537.36 (KHTML, like Gecko) Chrome/96.0.4664.110 Safari/537.36" DataSize=19 HostName=LAPTOP-QDCOUSRQ Ip="::1" Method=GET Path=/favicon.ico SpendTime="0 ms" status=404
time="2021-12-27 21:33:33" level=info Agent="Mozilla/5.0 (Windows NT 10.0; Win64; x64) AppleWebKit/537.36 (KHTML, like Gecko) Chrome/96.0.4664.110 Safari/537.36" DataSize=342 HostName=LAPTOP-QDCOUSRQ Ip="::1" Method=GET Path=/api/v1/profile/1 SpendTime="1 ms" status=200
time="2021-12-27 21:33:33" level=info Agent="Mozilla/5.0 (Windows NT 10.0; Win64; x64) AppleWebKit/537.36 (KHTML, like Gecko) Chrome/96.0.4664.110 Safari/537.36" DataSize=371 HostName=LAPTOP-QDCOUSRQ Ip="::1" Method=GET Path="/api/v1/article?pagesize=5&pagenum=1" SpendTime="3 ms" status=200
time="2021-12-27 21:33:33" level=warning Agent="Mozilla/5.0 (Windows NT 10.0; Win64; x64) AppleWebKit/537.36 (KHTML, like Gecko) Chrome/96.0.4664.110 Safari/537.36" DataSize=19 HostName=LAPTOP-QDCOUSRQ Ip="::1" Method=GET Path=/favicon.ico SpendTime="0 ms" status=404
time="2021-12-27 21:33:39" level=info Agent="Mozilla/5.0 (Windows NT 10.0; Win64; x64) AppleWebKit/537.36 (KHTML, like Gecko) Chrome/96.0.4664.110 Safari/537.36" DataSize=1785 HostName=LAPTOP-QDCOUSRQ Ip="::1" Method=GET Path=/admin SpendTime="0 ms" status=200
time="2021-12-27 21:33:46" level=info Agent="Mozilla/5.0 (Windows NT 10.0; Win64; x64) AppleWebKit/537.36 (KHTML, like Gecko) Chrome/96.0.4664.110 Safari/537.36" DataSize=237 HostName=LAPTOP-QDCOUSRQ Ip="::1" Method=POST Path=/api/v1/login SpendTime="69 ms" status=200
time="2021-12-27 21:34:00" level=warning Agent=PostmanRuntime/7.28.4 DataSize=0 HostName=LAPTOP-QDCOUSRQ Ip="::1" Method=POST Path=/admin SpendTime="0 ms" status=404
time="2021-12-27 21:34:29" level=info Agent=PostmanRuntime/7.28.4 DataSize=1785 HostName=LAPTOP-QDCOUSRQ Ip="::1" Method=GET Path=/admin SpendTime="0 ms" status=200
time="2021-12-27 21:35:29" level=info Agent="Mozilla/5.0 (Windows NT 10.0; Win64; x64) AppleWebKit/537.36 (KHTML, like Gecko) Chrome/96.0.4664.110 Safari/537.36" DataSize=45027 HostName=LAPTOP-QDCOUSRQ Ip="::1" Method=GET Path=/admin/js/Login.654279f4.js.map SpendTime="74 ms" status=200
time="2021-12-27 21:35:29" level=info Agent="Mozilla/5.0 (Windows NT 10.0; Win64; x64) AppleWebKit/537.36 (KHTML, like Gecko) Chrome/96.0.4664.110 Safari/537.36" DataSize=1337 HostName=LAPTOP-QDCOUSRQ Ip="::1" Method=GET Path=/admin/js/Index.edefd617.js.map SpendTime="74 ms" status=200
time="2021-12-27 21:35:29" level=info Agent="Mozilla/5.0 (Windows NT 10.0; Win64; x64) AppleWebKit/537.36 (KHTML, like Gecko) Chrome/96.0.4664.110 Safari/537.36" DataSize=14915 HostName=LAPTOP-QDCOUSRQ Ip="::1" Method=GET Path=/admin/js/Admin.1b191faa.js.map SpendTime="74 ms" status=200
time="2021-12-27 21:35:29" level=info Agent="Mozilla/5.0 (Windows NT 10.0; Win64; x64) AppleWebKit/537.36 (KHTML, like Gecko) Chrome/96.0.4664.110 Safari/537.36" DataSize=37053 HostName=LAPTOP-QDCOUSRQ Ip="::1" Method=GET Path=/admin/js/app.09257828.js.map SpendTime="76 ms" status=200
time="2021-12-27 21:35:29" level=info Agent="Mozilla/5.0 (Windows NT 10.0; Win64; x64) AppleWebKit/537.36 (KHTML, like Gecko) Chrome/96.0.4664.110 Safari/537.36" DataSize=4396256 HostName=LAPTOP-QDCOUSRQ Ip="::1" Method=GET Path=/admin/js/chunk-vendors.a91c0ea6.js.map SpendTime="92 ms" status=200
time="2021-12-27 21:36:15" level=info Agent="Mozilla/5.0 (Linux; Android 6.0.1; Moto G (4)) AppleWebKit/537.36 (KHTML, like Gecko) Chrome/96.0.4664.110 Mobile Safari/537.36" DataSize=1785 HostName=LAPTOP-QDCOUSRQ Ip="::1" Method=GET Path=/admin SpendTime="1 ms" status=200
time="2021-12-27 21:36:15" level=info Agent="Mozilla/5.0 (Windows NT 10.0; Win64; x64) AppleWebKit/537.36 (KHTML, like Gecko) Chrome/96.0.4664.110 Safari/537.36" DataSize=37053 HostName=LAPTOP-QDCOUSRQ Ip="::1" Method=GET Path=/admin/js/app.09257828.js.map SpendTime="1 ms" status=200
time="2021-12-27 21:36:15" level=info Agent="Mozilla/5.0 (Windows NT 10.0; Win64; x64) AppleWebKit/537.36 (KHTML, like Gecko) Chrome/96.0.4664.110 Safari/537.36" DataSize=4396256 HostName=LAPTOP-QDCOUSRQ Ip="::1" Method=GET Path=/admin/js/chunk-vendors.a91c0ea6.js.map SpendTime="7 ms" status=200
time="2021-12-27 21:36:15" level=info Agent="Mozilla/5.0 (Windows NT 10.0; Win64; x64) AppleWebKit/537.36 (KHTML, like Gecko) Chrome/96.0.4664.110 Safari/537.36" DataSize=45027 HostName=LAPTOP-QDCOUSRQ Ip="::1" Method=GET Path=/admin/js/Login.654279f4.js.map SpendTime="2 ms" status=200
time="2021-12-27 21:36:42" level=info Agent="Mozilla/5.0 (Windows NT 10.0; Win64; x64) AppleWebKit/537.36 (KHTML, like Gecko) Chrome/96.0.4664.110 Safari/537.36" DataSize=37053 HostName=LAPTOP-QDCOUSRQ Ip="::1" Method=GET Path=/admin/js/app.09257828.js.map SpendTime="1 ms" status=200
time="2021-12-27 21:36:42" level=info Agent="Mozilla/5.0 (Windows NT 10.0; Win64; x64) AppleWebKit/537.36 (KHTML, like Gecko) Chrome/96.0.4664.110 Safari/537.36" DataSize=45027 HostName=LAPTOP-QDCOUSRQ Ip="::1" Method=GET Path=/admin/js/Login.654279f4.js.map SpendTime="0 ms" status=200
time="2021-12-27 21:36:42" level=info Agent="Mozilla/5.0 (Windows NT 10.0; Win64; x64) AppleWebKit/537.36 (KHTML, like Gecko) Chrome/96.0.4664.110 Safari/537.36" DataSize=4396256 HostName=LAPTOP-QDCOUSRQ Ip="::1" Method=GET Path=/admin/js/chunk-vendors.a91c0ea6.js.map SpendTime="6 ms" status=200
time="2021-12-27 21:36:50" level=info Agent="Mozilla/5.0 (Windows NT 10.0; Win64; x64) AppleWebKit/537.36 (KHTML, like Gecko) Chrome/96.0.4664.110 Safari/537.36" DataSize=1785 HostName=LAPTOP-QDCOUSRQ Ip="::1" Method=GET Path=/admin SpendTime="1 ms" status=200
time="2021-12-27 23:30:22" level=info Agent=PostmanRuntime/7.28.4 DataSize=71 HostName=LAPTOP-QDCOUSRQ Ip="::1" Method=GET Path=/api/v1/user/add SpendTime="7 ms" status=200
time="2021-12-27 23:32:04" level=info Agent=PostmanRuntime/7.28.4 DataSize=71 HostName=LAPTOP-QDCOUSRQ Ip="::1" Method=GET Path=/api/v1/user/add SpendTime="2 ms" status=200
time="2021-12-27 23:32:32" level=info Agent=PostmanRuntime/7.28.4 DataSize=71 HostName=LAPTOP-QDCOUSRQ Ip="::1" Method=GET Path=/api/v1/user/add SpendTime="2 ms" status=200
time="2021-12-27 23:32:42" level=info Agent=PostmanRuntime/7.28.4 DataSize=71 HostName=LAPTOP-QDCOUSRQ Ip="::1" Method=GET Path=/api/v1/user/add SpendTime="0 ms" status=200
time="2021-12-27 23:32:43" level=info Agent=PostmanRuntime/7.28.4 DataSize=71 HostName=LAPTOP-QDCOUSRQ Ip="::1" Method=GET Path=/api/v1/user/add SpendTime="3 ms" status=200
time="2021-12-27 23:32:43" level=info Agent=PostmanRuntime/7.28.4 DataSize=71 HostName=LAPTOP-QDCOUSRQ Ip="::1" Method=GET Path=/api/v1/user/add SpendTime="0 ms" status=200
time="2021-12-27 23:32:44" level=info Agent=PostmanRuntime/7.28.4 DataSize=71 HostName=LAPTOP-QDCOUSRQ Ip="::1" Method=GET Path=/api/v1/user/add SpendTime="1 ms" status=200
time="2021-12-27 23:32:44" level=info Agent=PostmanRuntime/7.28.4 DataSize=71 HostName=LAPTOP-QDCOUSRQ Ip="::1" Method=GET Path=/api/v1/user/add SpendTime="1 ms" status=200
time="2021-12-27 23:32:48" level=info Agent=PostmanRuntime/7.28.4 DataSize=71 HostName=LAPTOP-QDCOUSRQ Ip="::1" Method=GET Path=/api/v1/user/add SpendTime="1 ms" status=200
time="2021-12-27 23:32:59" level=info Agent=PostmanRuntime/7.28.4 DataSize=71 HostName=LAPTOP-QDCOUSRQ Ip="::1" Method=GET Path=/api/v1/user/add SpendTime="3 ms" status=200
time="2021-12-27 23:33:02" level=info Agent=PostmanRuntime/7.28.4 DataSize=71 HostName=LAPTOP-QDCOUSRQ Ip="::1" Method=GET Path=/api/v1/user/add SpendTime="0 ms" status=200
time="2021-12-27 23:33:03" level=info Agent=PostmanRuntime/7.28.4 DataSize=71 HostName=LAPTOP-QDCOUSRQ Ip="::1" Method=GET Path=/api/v1/user/add SpendTime="1 ms" status=200
time="2021-12-27 23:33:03" level=info Agent=PostmanRuntime/7.28.4 DataSize=71 HostName=LAPTOP-QDCOUSRQ Ip="::1" Method=GET Path=/api/v1/user/add SpendTime="0 ms" status=200
time="2021-12-27 23:33:28" level=info Agent=PostmanRuntime/7.28.4 DataSize=71 HostName=LAPTOP-QDCOUSRQ Ip="::1" Method=GET Path=/api/v1/user/add SpendTime="2 ms" status=200
time="2021-12-27 23:33:28" level=info Agent=PostmanRuntime/7.28.4 DataSize=71 HostName=LAPTOP-QDCOUSRQ Ip="::1" Method=GET Path=/api/v1/user/add SpendTime="1 ms" status=200
time="2021-12-27 23:34:03" level=info Agent=PostmanRuntime/7.28.4 DataSize=71 HostName=LAPTOP-QDCOUSRQ Ip="::1" Method=GET Path=/api/v1/user/add SpendTime="2 ms" status=200
time="2021-12-27 23:34:21" level=info Agent=PostmanRuntime/7.28.4 DataSize=71 HostName=LAPTOP-QDCOUSRQ Ip="::1" Method=GET Path=/api/v1/user/add SpendTime="2 ms" status=200
time="2021-12-27 23:34:21" level=info Agent=PostmanRuntime/7.28.4 DataSize=71 HostName=LAPTOP-QDCOUSRQ Ip="::1" Method=GET Path=/api/v1/user/add SpendTime="0 ms" status=200
time="2021-12-27 23:34:22" level=info Agent=PostmanRuntime/7.28.4 DataSize=71 HostName=LAPTOP-QDCOUSRQ Ip="::1" Method=GET Path=/api/v1/user/add SpendTime="0 ms" status=200
time="2021-12-27 23:34:22" level=info Agent=PostmanRuntime/7.28.4 DataSize=71 HostName=LAPTOP-QDCOUSRQ Ip="::1" Method=GET Path=/api/v1/user/add SpendTime="0 ms" status=200
time="2021-12-27 23:34:24" level=info Agent=PostmanRuntime/7.28.4 DataSize=71 HostName=LAPTOP-QDCOUSRQ Ip="::1" Method=GET Path=/api/v1/user/add SpendTime="0 ms" status=200
time="2021-12-27 23:34:28" level=info Agent=PostmanRuntime/7.28.4 DataSize=51 HostName=LAPTOP-QDCOUSRQ Ip="::1" Method=POST Path=/api/v1/user/add SpendTime="0 ms" status=200
time="2021-12-27 23:34:37" level=info Agent=PostmanRuntime/7.28.4 DataSize=51 HostName=LAPTOP-QDCOUSRQ Ip="::1" Method=POST Path=/api/v1/user/add SpendTime="0 ms" status=200
time="2021-12-27 23:34:59" level=info Agent=PostmanRuntime/7.28.4 DataSize=51 HostName=LAPTOP-QDCOUSRQ Ip="::1" Method=POST Path=/api/v1/user/add SpendTime="0 ms" status=200
time="2021-12-27 23:34:59" level=info Agent=PostmanRuntime/7.28.4 DataSize=51 HostName=LAPTOP-QDCOUSRQ Ip="::1" Method=POST Path=/api/v1/user/add SpendTime="0 ms" status=200
time="2021-12-27 23:35:13" level=info Agent=PostmanRuntime/7.28.4 DataSize=51 HostName=LAPTOP-QDCOUSRQ Ip="::1" Method=POST Path=/api/v1/user/add SpendTime="0 ms" status=200
time="2021-12-27 23:35:47" level=info Agent=PostmanRuntime/7.28.4 DataSize=51 HostName=LAPTOP-QDCOUSRQ Ip="::1" Method=POST Path=/api/v1/user/add SpendTime="1 ms" status=200
time="2021-12-27 23:35:48" level=info Agent=PostmanRuntime/7.28.4 DataSize=51 HostName=LAPTOP-QDCOUSRQ Ip="::1" Method=POST Path=/api/v1/user/add SpendTime="0 ms" status=200
time="2021-12-27 23:35:48" level=info Agent=PostmanRuntime/7.28.4 DataSize=51 HostName=LAPTOP-QDCOUSRQ Ip="::1" Method=POST Path=/api/v1/user/add SpendTime="0 ms" status=200
